[0m2021.03.16 02:30:52 INFO  Started: Metals version 0.10.0 in workspace 'C:\Users\Chet\WebApps\play-scalajs-slinky' for client vscode 1.54.3.[0m
[0m2021.03.16 02:30:53 INFO  time: initialize in 0.3s[0m
[0m2021.03.16 02:30:53 WARN  Build server is not auto-connectable.[0m
[0m2021.03.16 02:30:53 WARN  no build target for: C:\Users\Chet\WebApps\play-scalajs-slinky\build.sbt[0m
[0m2021.03.16 02:30:55 INFO  no build target: using presentation compiler with only scala-library: 2.12.13[0m
import sbtcrossproject.{crossProject, CrossType}

enablePlugins(JavaAppPackaging)

Global / onChangedBuildSource := ReloadOnSourceChanges

lazy val server = (project in file("server")).settings(commonSettings).settings(
	name := "play-server",
  scalaJSProjects := Seq(client),
  pipelineStages in Assets := Seq(scalaJSPipeline),
  pipelineStages := Seq(digest, gzip),
  // triggers scalaJSPipeline when using compile or continuous compilation
  compile in Compile := ((compile in Compile) dependsOn scalaJSPipeline).value,
  libraryDependencies ++= Seq(
    "com.vmunier" %% "scalajs-scripts" % "1.1.4",
    guice,
		"org.scalatestplus.play" %% "scalatestplus-play" % "5.1.0" % Test,
		"com.typesafe.play" %% "play-slick" % "5.0.0",
		"com.typesafe.slick" %% "slick-codegen" % "3.3.3",
    "org.postgresql" % "postgresql" % "42.2.18",
    "com.typesafe.slick" %% "slick-hikaricp" % "3.3.3",
    specs2 % Test
  )
).enablePlugins(PlayScala).
  dependsOn(sharedJvm)

lazy val client = (project in file("client")).settings(commonSettings).settings(
	name := "play-client",
  scalaJSUseMainModuleInitializer := true,
  libraryDependencies ++= Seq(
    "org.scala-js" %%% "scalajs-dom" % "1.1.0",
		"me.shadaj" %%% "slinky-core" % "0.6.6",
		"me.shadaj" %%% "slinky-web" % "0.6.6"
  ),
  scalacOptions += "-Ymacro-annotations"
).enablePlugins(ScalaJSPlugin, ScalaJSWeb).
  dependsOn(sharedJs)

lazy val shared = crossProject(JSPlatform, JVMPlatform)
  .crossType(CrossType.Pure)
  .in(file("shared"))
  .settings(commonSettings)
	.settings(
		name := "play-shared"
	)
lazy val sharedJvm = shared.jvm
lazy val sharedJs = shared.js

lazy val commonSettings = Seq(
  scalaVersion := "2.13.4",
  organization := "edu.trinity",
	libraryDependencies += "com.typesafe.play" %% "play-json" % "2.9.1"
)

// loads the server project at sbt startup
onLoad in Global := (onLoad in Global).value andThen {s: State => "project server" :: s}

[0m2021.03.16 02:30:57 INFO  time: code lens generation in 3.12s[0m
[0m2021.03.16 02:30:57 INFO  time: code lens generation in 3.12s[0m
Mar 16, 2021 2:31:34 AM org.eclipse.lsp4j.jsonrpc.RemoteEndpoint handleCancellation
WARNING: Unmatched cancel notification for request id 7
[0m2021.03.16 02:36:09 WARN  no build target for: C:\Users\Chet\WebApps\play-scalajs-slinky\server\app\edu\trinity\videoquizreact\controllers\Application.scala[0m
package edu.trinity.videoquizreact.controllers

import javax.inject._

import edu.trinity.videoquizreact.shared.SharedMessages
import play.api.mvc._

@Singleton
class Application @Inject()(cc: ControllerComponents) extends AbstractController(cc) {

  def index = Action {
    Ok(views.html.index(SharedMessages.itWorks))
  }

}

[0m2021.03.16 02:36:11 WARN  no build target for: C:\Users\Chet\WebApps\play-scalajs-slinky\server\app\edu\trinity\videoquizreact\controllers\Application.scala[0m
// package edu.trinity.videoquizreact.controllers

// import javax.inject._

// import edu.trinity.videoquizreact.shared.SharedMessages
// import play.api.mvc._

// @Singleton
// class Application @Inject()(cc: ControllerComponents) extends AbstractController(cc) {

//   def index = Action {
//     Ok(views.html.index(SharedMessages.itWorks))
//   }

// }

